<?xml version="1.0" encoding="UTF-8"?>
<!-- Generated by org.testng.reporters.JUnitXMLReporter -->
<testsuite ignored="1" hostname="LAPTOP-H5SJJ684" failures="0" tests="2" name="Default test" time="0.275" errors="0" timestamp="2025-04-10T18:36:57 IST">
  <testcase classname="com.internetherokuapp.tests.AorremoveTests" name="clickOnAddEle" time="0.095"/>
  <testcase classname="com.internetherokuapp.tests.AorremoveTests" name="validateDeleteisDisplayed" time="0.036"/>
  <testcase classname="com.internetherokuapp.tests.AorremoveTests" name="verifyHeaderisDisplayed" time="0.0">
    <ignored/>
  </testcase> <!-- verifyHeaderisDisplayed -->
</testsuite> <!-- Default test -->
