<?xml version="1.0" encoding="UTF-8"?>
<!-- Generated by org.testng.reporters.JUnitXMLReporter -->
<testsuite ignored="3" hostname="LAPTOP-H5SJJ684" failures="0" tests="1" name="Default test" time="0.208" errors="0" timestamp="2025-05-26T19:48:56 IST">
  <testcase classname="com.internetherokuapp.tests.ABTests" name="verifyEleSeleniumBtnIsPres" time="0.076"/>
  <testcase classname="com.internetherokuapp.tests.ABTests" name="validateHeader" time="0.0">
    <ignored/>
  </testcase> <!-- validateHeader -->
  <testcase classname="com.internetherokuapp.tests.ABTests" name="verifyParaEndsWith" time="0.0">
    <ignored/>
  </testcase> <!-- verifyParaEndsWith -->
  <testcase classname="com.internetherokuapp.tests.ABTests" name="verifyParaStartsWithText" time="0.0">
    <ignored/>
  </testcase> <!-- verifyParaStartsWithText -->
</testsuite> <!-- Default test -->
