<?xml version="1.0" encoding="UTF-8"?>
<!-- Generated by org.testng.reporters.JUnitXMLReporter -->
<testsuite ignored="0" hostname="LAPTOP-H5SJJ684" failures="1" tests="9" name="Test" time="0.486" errors="0" timestamp="2025-04-16T10:53:26 IST">
  <testcase classname="com.internetherokuapp.tests.ABTests" name="validateHeader" time="0.083"/>
  <testcase classname="com.internetherokuapp.tests.ABTests" name="verifyEleSeleniumBtnIsPres" time="0.036"/>
  <testcase classname="com.internetherokuapp.tests.ABTests" name="verifyParaEndsWith" time="0.023"/>
  <testcase classname="com.internetherokuapp.tests.ABTests" name="verifyParaStartsWithText" time="0.031"/>
  <testcase classname="com.internetherokuapp.tests.AorremoveTests" name="EleSeleClick" time="0.033">
    <failure type="org.openqa.selenium.InvalidElementStateException" message="invalid element state
  (Session info: chrome=135.0.7049.95)
Build info: version: &amp;apos;4.29.0&amp;apos;, revision: &amp;apos;5fc1ec94cb&amp;apos;
System info: os.name: &amp;apos;Windows 11&amp;apos;, os.arch: &amp;apos;amd64&amp;apos;, os.version: &amp;apos;10.0&amp;apos;, java.version: &amp;apos;23.0.1&amp;apos;
Driver info: org.openqa.selenium.chrome.ChromeDriver
Command: [8b68ef886d6c027366288737bbd6bb16, clearElement {id=f.16BCC1AE3CAC5FF91BE45BD6CB9513A2.d.CBA566D9C81C32F007148AE7C9D13C36.e.9}]
Capabilities {acceptInsecureCerts: false, browserName: chrome, browserVersion: 135.0.7049.95, chrome: {chromedriverVersion: 135.0.7049.95 (de2eb485a195..., userDataDir: C:\Users\Adarsh\AppData\Loc...}, fedcm:accounts: true, goog:chromeOptions: {debuggerAddress: localhost:57810}, networkConnectionEnabled: false, pageLoadStrategy: normal, platformName: windows, proxy: Proxy(), se:cdp: ws://localhost:57810/devtoo..., se:cdpVersion: 135.0.7049.95, setWindowRect: true, strictFileInteractability: false, timeouts: {implicit: 0, pageLoad: 300000, script: 30000}, unhandledPromptBehavior: dismiss and notify, webauthn:extension:credBlob: true, webauthn:extension:largeBlob: true, webauthn:extension:minPinLength: true, webauthn:extension:prf: true, webauthn:virtualAuthenticators: true}
Element: [[ChromeDriver: chrome on windows (8b68ef886d6c027366288737bbd6bb16)] -&amp;gt; xpath: //a[text()=&amp;apos;Elemental Selenium&amp;apos;]]
Session ID: 8b68ef886d6c027366288737bbd6bb16">
      <![CDATA[org.openqa.selenium.InvalidElementStateException: invalid element state
  (Session info: chrome=135.0.7049.95)
Build info: version: '4.29.0', revision: '5fc1ec94cb'
System info: os.name: 'Windows 11', os.arch: 'amd64', os.version: '10.0', java.version: '23.0.1'
Driver info: org.openqa.selenium.chrome.ChromeDriver
Command: [8b68ef886d6c027366288737bbd6bb16, clearElement {id=f.16BCC1AE3CAC5FF91BE45BD6CB9513A2.d.CBA566D9C81C32F007148AE7C9D13C36.e.9}]
Capabilities {acceptInsecureCerts: false, browserName: chrome, browserVersion: 135.0.7049.95, chrome: {chromedriverVersion: 135.0.7049.95 (de2eb485a195..., userDataDir: C:\Users\Adarsh\AppData\Loc...}, fedcm:accounts: true, goog:chromeOptions: {debuggerAddress: localhost:57810}, networkConnectionEnabled: false, pageLoadStrategy: normal, platformName: windows, proxy: Proxy(), se:cdp: ws://localhost:57810/devtoo..., se:cdpVersion: 135.0.7049.95, setWindowRect: true, strictFileInteractability: false, timeouts: {implicit: 0, pageLoad: 300000, script: 30000}, unhandledPromptBehavior: dismiss and notify, webauthn:extension:credBlob: true, webauthn:extension:largeBlob: true, webauthn:extension:minPinLength: true, webauthn:extension:prf: true, webauthn:virtualAuthenticators: true}
Element: [[ChromeDriver: chrome on windows (8b68ef886d6c027366288737bbd6bb16)] -> xpath: //a[text()='Elemental Selenium']]
Session ID: 8b68ef886d6c027366288737bbd6bb16
at org.openqa.selenium.remote.ErrorCodec.decode(ErrorCodec.java:167)
at org.openqa.selenium.remote.codec.w3c.W3CHttpResponseCodec.decode(W3CHttpResponseCodec.java:138)
at org.openqa.selenium.remote.codec.w3c.W3CHttpResponseCodec.decode(W3CHttpResponseCodec.java:50)
at org.openqa.selenium.remote.HttpCommandExecutor.execute(HttpCommandExecutor.java:215)
at org.openqa.selenium.remote.service.DriverCommandExecutor.invokeExecute(DriverCommandExecutor.java:216)
at org.openqa.selenium.remote.service.DriverCommandExecutor.execute(DriverCommandExecutor.java:174)
at org.openqa.selenium.remote.RemoteWebDriver.execute(RemoteWebDriver.java:545)
at org.openqa.selenium.remote.RemoteWebElement.execute(RemoteWebElement.java:223)
at org.openqa.selenium.remote.RemoteWebElement.clear(RemoteWebElement.java:129)
at org.openqa.selenium.support.pagefactory.internal.LocatingElementHandler.invoke(LocatingElementHandler.java:51)
at jdk.proxy2/jdk.proxy2.$Proxy15.clear(Unknown Source)
at utils.elements.Myclear(elements.java:25)
at com.internetherokuapp.pages.addOrRemoveElement.EleSelClick(addOrRemoveElement.java:53)
at com.internetherokuapp.tests.AorremoveTests.EleSeleClick(AorremoveTests.java:52)
at java.base/java.util.ArrayList.forEach(ArrayList.java:1597)
... Removed 30 stack frames]]>
    </failure>
  </testcase> <!-- EleSeleClick -->
  <testcase classname="com.internetherokuapp.tests.AorremoveTests" name="clickOnAddEle" time="0.054"/>
  <testcase classname="com.internetherokuapp.tests.AorremoveTests" name="elePre" time="0.042"/>
  <testcase classname="com.internetherokuapp.tests.AorremoveTests" name="validateDeleteisDisplayed" time="0.02"/>
  <testcase classname="com.internetherokuapp.tests.AorremoveTests" name="verifyHeaderisDisplayed" time="0.02"/>
</testsuite> <!-- Test -->
