<?xml version="1.0" encoding="UTF-8"?>
<testng-results ignored="0" total="4" passed="4" failed="0" skipped="0">
  <reporter-output>
    <line>
      <![CDATA[Element Selenium Button is Present]]>
    </line>
    <line>
      <![CDATA[Paragraph has the particular text]]>
    </line>
  </reporter-output>
  <suite started-at="2025-04-05T00:41:39 IST" name="Default suite" finished-at="2025-04-05T00:41:39 IST" duration-ms="227">
    <groups>
    </groups>
    <test started-at="2025-04-05T00:41:39 IST" name="Default test" finished-at="2025-04-05T00:41:39 IST" duration-ms="227">
      <class name="com.internetherokuapp.tests.ABTests">
        <test-method signature="validateHeader()[pri:0, instance:com.internetherokuapp.tests.ABTests@2c5d601e]" started-at="2025-04-05T00:41:39 IST" name="validateHeader" finished-at="2025-04-05T00:41:39 IST" duration-ms="62" status="PASS">
          <reporter-output>
          </reporter-output>
        </test-method> <!-- validateHeader -->
        <test-method signature="verifyEleSeleniumBtnIsPres()[pri:0, instance:com.internetherokuapp.tests.ABTests@2c5d601e]" started-at="2025-04-05T00:41:39 IST" name="verifyEleSeleniumBtnIsPres" finished-at="2025-04-05T00:41:39 IST" duration-ms="26" status="PASS">
          <reporter-output>
            <line>
              <![CDATA[Element Selenium Button is Present]]>
            </line>
          </reporter-output>
        </test-method> <!-- verifyEleSeleniumBtnIsPres -->
        <test-method signature="verifyParaEndsWith()[pri:0, instance:com.internetherokuapp.tests.ABTests@2c5d601e]" started-at="2025-04-05T00:41:39 IST" name="verifyParaEndsWith" finished-at="2025-04-05T00:41:39 IST" duration-ms="18" status="PASS">
          <reporter-output>
            <line>
              <![CDATA[Paragraph has the particular text]]>
            </line>
          </reporter-output>
        </test-method> <!-- verifyParaEndsWith -->
        <test-method signature="verifyParaStartsWithText()[pri:0, instance:com.internetherokuapp.tests.ABTests@2c5d601e]" started-at="2025-04-05T00:41:39 IST" name="verifyParaStartsWithText" finished-at="2025-04-05T00:41:39 IST" duration-ms="18" status="PASS">
          <reporter-output>
          </reporter-output>
        </test-method> <!-- verifyParaStartsWithText -->
      </class> <!-- com.internetherokuapp.tests.ABTests -->
    </test> <!-- Default test -->
  </suite> <!-- Default suite -->
</testng-results>
