<?xml version="1.0" encoding="UTF-8"?>
<testng-results ignored="1" total="3" passed="2" failed="0" skipped="0">
  <reporter-output>
  </reporter-output>
  <suite started-at="2025-04-10T18:36:56 IST" name="Default suite" finished-at="2025-04-10T18:36:57 IST" duration-ms="275">
    <groups>
    </groups>
    <test started-at="2025-04-10T18:36:56 IST" name="Default test" finished-at="2025-04-10T18:36:57 IST" duration-ms="275">
      <class name="com.internetherokuapp.tests.AorremoveTests">
        <test-method signature="clickOnAddEle()[pri:0, instance:com.internetherokuapp.tests.AorremoveTests@7fe083b1]" started-at="2025-04-10T18:36:56 IST" name="clickOnAddEle" finished-at="2025-04-10T18:36:56 IST" duration-ms="95" status="PASS">
          <reporter-output>
          </reporter-output>
        </test-method> <!-- clickOnAddEle -->
        <test-method signature="validateDeleteisDisplayed()[pri:0, instance:com.internetherokuapp.tests.AorremoveTests@7fe083b1]" started-at="2025-04-10T18:36:57 IST" name="validateDeleteisDisplayed" finished-at="2025-04-10T18:36:57 IST" depends-on-methods="com.internetherokuapp.tests.AorremoveTests.clickOnAddEle" duration-ms="36" status="PASS">
          <reporter-output>
          </reporter-output>
        </test-method> <!-- validateDeleteisDisplayed -->
      </class> <!-- com.internetherokuapp.tests.AorremoveTests -->
    </test> <!-- Default test -->
  </suite> <!-- Default suite -->
</testng-results>
